<?xml version="1.0" encoding="UTF-8"?>
<!-- Generated by org.testng.reporters.JUnitReportReporter -->
<testsuite hostname="ITEM-S138736" failures="0" tests="1" name="demo.oAuthTest2" time="3.315" errors="0" timestamp="2024-02-25T17:02:19 IST" skipped="0">
  <testcase classname="demo.oAuthTest2" name="OAuth" time="3.315"/>
</testsuite> <!-- demo.oAuthTest2 -->
